  CheckBox.cpp
  Container.cpp
  Flowlayout.cpp
  Gridlayout.cpp
  Layout.cpp
  Menu.cpp
  MenuBar.cpp
  MenuItem.cpp
  RadioButton.cpp
  RadioGroup.cpp
  TButton.cpp
  TextButton.cpp
  TextLabel.cpp
  ToolBar.cpp
  Window.cpp
  frame.cpp
  코드를 생성하고 있습니다...
C:\Users\a\Desktop\oopb15_3\WinLib\frame.cpp(103,48): warning C4302:  '형식 캐스트': 'LPWSTR'에서 'WORD'(으)로 잘립니다.
C:\Users\a\Desktop\oopb15_3\WinLib\frame.cpp(56): warning C4715:  'WndProc': 모든 제어 경로에서 값을 반환하지는 않습니다.
C:\Users\a\Desktop\oopb15_3\WinLib\Container.cpp(30): warning C4715:  'Container::processMessage': 모든 제어 경로에서 값을 반환하지는 않습니다.
  WinLib.vcxproj -> C:\Users\a\Desktop\oopb15_3\Debug\WinLib.lib
